[2025-09-29 21:41:58] [INFO] Logger başlatıldı - Dosya: logs/automation.log
[2025-09-29 21:41:58] [INFO] Varsayılan konfigürasyon oluşturuluyor...
[2025-09-29 21:41:58] [INFO] Konfigürasyon kaydedildi: 25 girdi
[2025-09-29 21:41:58] [INFO] Sistem Otomasyon Merkezi başlatıldı
[2025-09-29 21:45:05] [INFO] Dosya Yönetimi modülü seçildi
[2025-09-29 21:45:11] [INFO] Sistem İzleme modülü seçildi
[2025-09-29 21:45:17] [INFO] Sistem Otomasyon Merkezi kapatıldı
[2025-09-29 21:45:17] [INFO] Logger kapatılıyor...
[2025-09-29 21:52:10] [INFO] Logger başlatıldı - Dosya: logs/automation.log
[2025-09-29 21:52:10] [INFO] Konfigürasyon yüklendi: 25 girdi
[2025-09-29 21:52:10] [INFO] Sistem Otomasyon Merkezi başlatıldı
[2025-09-29 21:53:29] [INFO] Logger başlatıldı - Dosya: logs/automation.log
[2025-09-29 21:53:29] [INFO] Konfigürasyon yüklendi: 25 girdi
[2025-09-29 21:53:29] [INFO] Sistem Otomasyon Merkezi başlatıldı
[2025-09-29 21:53:41] [INFO] Dosya arama işlemi tamamlandı: c -> txt
[2025-09-29 21:53:46] [INFO] Toplu dosya yeniden adlandırma işlemi tamamlandı
[2025-09-29 21:53:48] [INFO] Logger başlatıldı - Dosya: logs/automation.log
[2025-09-29 21:53:48] [INFO] Konfigürasyon yüklendi: 25 girdi
[2025-09-29 21:53:48] [INFO] Sistem Otomasyon Merkezi başlatıldı
[2025-09-29 21:53:48] [INFO] Sistem Otomasyon Merkezi kapatıldı
[2025-09-29 21:53:48] [INFO] Logger kapatılıyor...
[2025-09-29 21:55:08] [INFO] Logger başlatıldı - Dosya: logs/automation.log
[2025-09-29 21:55:08] [INFO] Konfigürasyon yüklendi: 25 girdi
[2025-09-29 21:55:08] [INFO] Sistem Otomasyon Merkezi başlatıldı
[2025-09-29 21:58:34] [INFO] Logger başlatıldı - Dosya: logs/automation.log
[2025-09-29 21:58:34] [INFO] Konfigürasyon yüklendi: 25 girdi
[2025-09-29 21:58:34] [INFO] Sistem Otomasyon Merkezi başlatıldı
[2025-09-29 21:58:34] [INFO] Sistem Otomasyon Merkezi kapatıldı
[2025-09-29 21:58:34] [INFO] Logger kapatılıyor...
[2025-09-29 21:58:42] [INFO] Logger başlatıldı - Dosya: logs/automation.log
[2025-09-29 21:58:42] [INFO] Konfigürasyon yüklendi: 25 girdi
[2025-09-29 21:58:42] [INFO] Sistem Otomasyon Merkezi başlatıldı
[2025-09-29 21:58:42] [INFO] Sistem Otomasyon Merkezi kapatıldı
[2025-09-29 21:58:42] [INFO] Logger kapatılıyor...
[2025-09-29 21:58:51] [INFO] Logger başlatıldı - Dosya: logs/automation.log
[2025-09-29 21:58:51] [INFO] Konfigürasyon yüklendi: 25 girdi
[2025-09-29 21:58:51] [INFO] Sistem Otomasyon Merkezi başlatıldı
[2025-09-29 21:58:51] [INFO] Sistem Otomasyon Merkezi kapatıldı
[2025-09-29 21:58:51] [INFO] Logger kapatılıyor...
[2025-09-29 21:59:32] [INFO] Logger başlatıldı - Dosya: logs/automation.log
[2025-09-29 21:59:32] [INFO] Konfigürasyon yüklendi: 25 girdi
[2025-09-29 21:59:32] [INFO] Sistem Otomasyon Merkezi başlatıldı
[2025-09-29 21:59:32] [INFO] Sistem Otomasyon Merkezi kapatıldı
[2025-09-29 21:59:32] [INFO] Logger kapatılıyor...
[2025-09-29 21:59:51] [INFO] Logger başlatıldı - Dosya: logs/automation.log
[2025-09-29 21:59:51] [INFO] Konfigürasyon yüklendi: 25 girdi
[2025-09-29 21:59:51] [INFO] Sistem Otomasyon Merkezi başlatıldı
[2025-09-29 21:59:51] [INFO] Sistem Otomasyon Merkezi kapatıldı
[2025-09-29 21:59:51] [INFO] Logger kapatılıyor...
[2025-09-29 22:00:04] [INFO] Logger başlatıldı - Dosya: logs/automation.log
[2025-09-29 22:00:04] [INFO] Konfigürasyon yüklendi: 25 girdi
[2025-09-29 22:00:04] [INFO] Sistem Otomasyon Merkezi başlatıldı
[2025-09-29 22:00:04] [INFO] Sistem Otomasyon Merkezi kapatıldı
[2025-09-29 22:00:04] [INFO] Logger kapatılıyor...
[2025-09-29 22:00:23] [INFO] Logger başlatıldı - Dosya: logs/automation.log
[2025-09-29 22:00:23] [INFO] Konfigürasyon yüklendi: 25 girdi
[2025-09-29 22:00:23] [INFO] Sistem Otomasyon Merkezi başlatıldı
[2025-09-29 22:00:26] [INFO] CPU kullanımı izleme işlemi tamamlandı
[2025-09-29 22:00:30] [INFO] Bellek durumu izleme işlemi tamamlandı
[2025-09-29 22:00:35] [INFO] Disk kullanımı analizi tamamlandı
[2025-09-29 22:01:24] [INFO] Logger başlatıldı - Dosya: logs/automation.log
[2025-09-29 22:01:24] [INFO] Konfigürasyon yüklendi: 25 girdi
[2025-09-29 22:01:24] [INFO] Sistem Otomasyon Merkezi başlatıldı
[2025-09-29 22:01:28] [INFO] Görev Zamanlayıcı modülü seçildi
[2025-09-29 22:01:33] [INFO] Ağ İzleme modülü seçildi
[2025-09-29 22:01:38] [INFO] Otomatik Yedekleme modülü seçildi
[2025-09-29 22:01:41] [INFO] Log dosyası analizi tamamlandı
[2025-09-29 22:01:49] [INFO] Log istatistikleri görüntülendi
[2025-09-29 22:01:58] [INFO] Otomatik rapor oluşturma işlemi tamamlandı
[2025-09-29 22:02:21] [INFO] Dosya arama işlemi tamamlandı: c -> exe
[2025-09-29 22:07:04] [INFO] Logger başlatıldı - Dosya: logs/automation.log
[2025-09-29 22:07:04] [INFO] Konfigürasyon yüklendi: 25 girdi
[2025-09-29 22:07:04] [INFO] Sistem Otomasyon Merkezi başlatıldı
[2025-09-29 22:07:04] [INFO] Sistem Otomasyon Merkezi kapatıldı
[2025-09-29 22:07:04] [INFO] Logger kapatılıyor...
[2025-09-29 22:07:23] [INFO] Logger başlatıldı - Dosya: logs/automation.log
[2025-09-29 22:07:23] [INFO] Konfigürasyon yüklendi: 25 girdi
[2025-09-29 22:07:23] [INFO] Sistem Otomasyon Merkezi başlatıldı
[2025-09-29 22:07:23] [INFO] Sistem Otomasyon Merkezi kapatıldı
[2025-09-29 22:07:23] [INFO] Logger kapatılıyor...
[2025-09-29 22:07:40] [INFO] Logger başlatıldı - Dosya: logs/automation.log
[2025-09-29 22:07:40] [INFO] Konfigürasyon yüklendi: 25 girdi
[2025-09-29 22:07:40] [INFO] Sistem Otomasyon Merkezi başlatıldı
[2025-09-29 22:07:53] [ERROR] Dosya arama hatası: C:\
[2025-09-29 22:08:18] [ERROR] Dosya arama hatası: C:\
[2025-09-29 22:08:39] [INFO] Sistem Otomasyon Merkezi kapatıldı
[2025-09-29 22:08:39] [INFO] Logger kapatılıyor...
[2025-09-29 22:09:25] [INFO] Logger başlatıldı - Dosya: logs/automation.log
[2025-09-29 22:09:25] [INFO] Konfigürasyon yüklendi: 25 girdi
[2025-09-29 22:09:25] [INFO] Sistem Otomasyon Merkezi başlatıldı
[2025-09-29 22:09:25] [INFO] Sistem Otomasyon Merkezi kapatıldı
[2025-09-29 22:09:25] [INFO] Logger kapatılıyor...
[2025-09-29 22:09:39] [INFO] Logger başlatıldı - Dosya: logs/automation.log
[2025-09-29 22:09:39] [INFO] Konfigürasyon yüklendi: 25 girdi
[2025-09-29 22:09:39] [INFO] Sistem Otomasyon Merkezi başlatıldı
[2025-09-29 22:09:39] [INFO] Sistem Otomasyon Merkezi kapatıldı
[2025-09-29 22:09:39] [INFO] Logger kapatılıyor...
[2025-09-29 22:09:53] [INFO] Logger başlatıldı - Dosya: logs/automation.log
[2025-09-29 22:09:53] [INFO] Konfigürasyon yüklendi: 25 girdi
[2025-09-29 22:09:53] [INFO] Sistem Otomasyon Merkezi başlatıldı
[2025-09-29 22:09:53] [INFO] Sistem Otomasyon Merkezi kapatıldı
[2025-09-29 22:09:53] [INFO] Logger kapatılıyor...
[2025-09-29 22:09:54] [INFO] Logger başlatıldı - Dosya: logs/automation.log
[2025-09-29 22:09:54] [INFO] Konfigürasyon yüklendi: 25 girdi
[2025-09-29 22:09:54] [INFO] Sistem Otomasyon Merkezi başlatıldı
[2025-09-29 22:09:54] [INFO] Sistem Otomasyon Merkezi kapatıldı
[2025-09-29 22:09:54] [INFO] Logger kapatılıyor...
[2025-09-29 22:10:19] [INFO] Logger başlatıldı - Dosya: logs/automation.log
[2025-09-29 22:10:19] [INFO] Konfigürasyon yüklendi: 25 girdi
[2025-09-29 22:10:19] [INFO] Sistem Otomasyon Merkezi başlatıldı
[2025-09-29 22:10:19] [INFO] Sistem Otomasyon Merkezi kapatıldı
[2025-09-29 22:10:19] [INFO] Logger kapatılıyor...
[2025-09-29 22:10:42] [INFO] Logger başlatıldı - Dosya: logs/automation.log
[2025-09-29 22:10:42] [INFO] Konfigürasyon yüklendi: 25 girdi
[2025-09-29 22:10:42] [INFO] Sistem Otomasyon Merkezi başlatıldı
[2025-09-29 22:10:42] [INFO] Sistem Otomasyon Merkezi kapatıldı
[2025-09-29 22:10:42] [INFO] Logger kapatılıyor...
[2025-09-29 22:11:11] [INFO] Logger başlatıldı - Dosya: logs/automation.log
[2025-09-29 22:11:11] [INFO] Konfigürasyon yüklendi: 25 girdi
[2025-09-29 22:11:11] [INFO] Sistem Otomasyon Merkezi başlatıldı
[2025-09-29 22:11:11] [INFO] Sistem Otomasyon Merkezi kapatıldı
[2025-09-29 22:11:11] [INFO] Logger kapatılıyor...
[2025-09-29 22:11:33] [INFO] Logger başlatıldı - Dosya: logs/automation.log
[2025-09-29 22:11:33] [INFO] Konfigürasyon yüklendi: 25 girdi
[2025-09-29 22:11:33] [INFO] Sistem Otomasyon Merkezi başlatıldı
[2025-09-29 22:11:33] [INFO] Sistem Otomasyon Merkezi kapatıldı
[2025-09-29 22:11:33] [INFO] Logger kapatılıyor...
[2025-09-29 22:11:54] [INFO] Logger başlatıldı - Dosya: logs/automation.log
[2025-09-29 22:11:54] [INFO] Konfigürasyon yüklendi: 25 girdi
[2025-09-29 22:11:54] [INFO] Sistem Otomasyon Merkezi başlatıldı
[2025-09-29 22:11:54] [INFO] Sistem Otomasyon Merkezi kapatıldı
[2025-09-29 22:11:54] [INFO] Logger kapatılıyor...
[2025-09-29 22:12:32] [INFO] Logger başlatıldı - Dosya: logs/automation.log
[2025-09-29 22:12:32] [INFO] Konfigürasyon yüklendi: 25 girdi
[2025-09-29 22:12:32] [INFO] Sistem Otomasyon Merkezi başlatıldı
[2025-09-29 22:12:46] [INFO] CPU kullanımı izleme işlemi tamamlandı
[2025-09-29 22:12:57] [INFO] Bellek durumu izleme işlemi tamamlandı
[2025-09-29 22:13:07] [INFO] Disk kullanımı analizi tamamlandı
[2025-09-29 22:13:14] [INFO] Çalışan süreçler listesi görüntülendi
[2025-09-29 22:15:50] [INFO] Logger başlatıldı - Dosya: logs/automation.log
[2025-09-29 22:15:50] [INFO] Konfigürasyon yüklendi: 25 girdi
[2025-09-29 22:15:50] [INFO] Sistem Otomasyon Merkezi başlatıldı
[2025-09-29 22:15:59] [INFO] Sistem bilgileri görüntülendi
[2025-09-29 22:16:14] [INFO] Logger başlatıldı - Dosya: logs/automation.log
[2025-09-29 22:16:14] [INFO] Konfigürasyon yüklendi: 25 girdi
[2025-09-29 22:16:14] [INFO] Sistem Otomasyon Merkezi başlatıldı
[2025-09-29 22:16:18] [INFO] Performans grafiği görüntülendi
[2025-09-29 22:16:33] [INFO] Logger başlatıldı - Dosya: logs/automation.log
[2025-09-29 22:16:33] [INFO] Konfigürasyon yüklendi: 25 girdi
[2025-09-29 22:16:33] [INFO] Sistem Otomasyon Merkezi başlatıldı
[2025-09-29 22:16:44] [ERROR] Dosya arama hatası: C:\ (Hata kodu: 2)
[2025-09-29 22:17:12] [INFO] Logger başlatıldı - Dosya: logs/automation.log
[2025-09-29 22:17:12] [INFO] Konfigürasyon yüklendi: 25 girdi
[2025-09-29 22:17:12] [INFO] Sistem Otomasyon Merkezi başlatıldı
[2025-09-29 22:17:21] [INFO] Dosya arama işlemi tamamlandı: C:\ -> *.dll
[2025-09-29 22:17:57] [INFO] Logger başlatıldı - Dosya: logs/automation.log
[2025-09-29 22:17:57] [INFO] Konfigürasyon yüklendi: 25 girdi
[2025-09-29 22:17:57] [INFO] Sistem Otomasyon Merkezi başlatıldı
[2025-09-29 22:18:14] [INFO] Dosya arama işlemi tamamlandı: C:\ -> *.dll
[2025-09-29 22:21:04] [INFO] Logger başlatıldı - Dosya: logs/automation.log
[2025-09-29 22:21:04] [INFO] Konfigürasyon yüklendi: 25 girdi
[2025-09-29 22:21:04] [INFO] Sistem Otomasyon Merkezi başlatıldı
[2025-09-29 22:21:37] [INFO] Toplu dosya yeniden adlandırma işlemi tamamlandı
[2025-09-29 22:22:05] [INFO] Dosya boyutu analizi tamamlandı
[2025-09-29 22:22:17] [INFO] Logger başlatıldı - Dosya: logs/automation.log
[2025-09-29 22:22:17] [INFO] Konfigürasyon yüklendi: 25 girdi
[2025-09-29 22:22:17] [INFO] Sistem Otomasyon Merkezi başlatıldı
[2025-09-29 22:22:24] [INFO] Dosya boyutu analizi tamamlandı
[2025-09-29 22:22:33] [INFO] Boş klasör temizleme işlemi tamamlandı
[2025-09-29 22:22:45] [INFO] Logger başlatıldı - Dosya: logs/automation.log
[2025-09-29 22:22:45] [INFO] Konfigürasyon yüklendi: 25 girdi
[2025-09-29 22:22:45] [INFO] Sistem Otomasyon Merkezi başlatıldı
[2025-09-29 22:22:50] [INFO] Dosya türü organizasyonu tamamlandı
[2025-09-29 22:23:05] [INFO] Logger başlatıldı - Dosya: logs/automation.log
[2025-09-29 22:23:05] [INFO] Konfigürasyon yüklendi: 25 girdi
[2025-09-29 22:23:05] [INFO] Sistem Otomasyon Merkezi başlatıldı
[2025-09-29 22:23:09] [INFO] Log dosyası analizi tamamlandı
[2025-09-29 22:23:22] [INFO] Logger başlatıldı - Dosya: logs/automation.log
[2025-09-29 22:23:22] [INFO] Konfigürasyon yüklendi: 25 girdi
[2025-09-29 22:23:22] [INFO] Sistem Otomasyon Merkezi başlatıldı
[2025-09-29 22:23:26] [INFO] Hata logları filtreleme işlemi tamamlandı
[2025-09-29 22:23:28] [INFO] Log istatistikleri görüntülendi
[2025-09-29 22:23:30] [INFO] Zaman bazlı analiz tamamlandı
[2025-09-29 22:23:32] [INFO] Log temizleme işlemi tamamlandı
[2025-09-29 22:23:33] [INFO] Otomatik rapor oluşturma işlemi tamamlandı
[2025-09-29 22:24:56] [INFO] Logger başlatıldı - Dosya: logs/automation.log
[2025-09-29 22:24:56] [INFO] Konfigürasyon yüklendi: 25 girdi
[2025-09-29 22:24:56] [INFO] Sistem Otomasyon Merkezi başlatıldı
[2025-09-29 22:24:59] [INFO] Otomatik Yedekleme modülü seçildi
[2025-09-29 22:25:05] [INFO] Ağ İzleme modülü seçildi
[2025-09-29 22:27:44] [INFO] Logger başlatıldı - Dosya: logs/automation.log
[2025-09-29 22:27:44] [INFO] Konfigürasyon yüklendi: 25 girdi
[2025-09-29 22:27:44] [INFO] Sistem Otomasyon Merkezi başlatıldı
[2025-09-29 22:53:41] [INFO] Logger başlatıldı - Dosya: logs/automation.log
[2025-09-29 22:53:41] [INFO] Konfigürasyon yüklendi: 25 girdi
[2025-09-29 22:53:41] [INFO] Sistem Otomasyon Merkezi başlatıldı
[2025-09-29 22:53:53] [INFO] Otomatik Yedekleme Sistemi başlatıldı
[2025-09-29 22:54:31] [INFO] Logger başlatıldı - Dosya: logs/automation.log
[2025-09-29 22:54:31] [INFO] Konfigürasyon yüklendi: 25 girdi
[2025-09-29 22:54:31] [INFO] Sistem Otomasyon Merkezi başlatıldı
[2025-09-29 22:54:31] [INFO] Sistem Otomasyon Merkezi kapatıldı
[2025-09-29 22:54:31] [INFO] Logger kapatılıyor...
[2025-09-29 22:54:57] [INFO] Logger başlatıldı - Dosya: logs/automation.log
[2025-09-29 22:54:57] [INFO] Konfigürasyon yüklendi: 25 girdi
[2025-09-29 22:54:57] [INFO] Sistem Otomasyon Merkezi başlatıldı
[2025-09-29 22:55:01] [INFO] Ağ İzleme ve Bağlantı Testleri başlatıldı
[2025-09-29 22:55:03] [INFO] Ağ durumu görüntülendi
[2025-09-29 22:55:15] [INFO] Logger başlatıldı - Dosya: logs/automation.log
[2025-09-29 22:55:15] [INFO] Konfigürasyon yüklendi: 25 girdi
[2025-09-29 22:55:15] [INFO] Sistem Otomasyon Merkezi başlatıldı
[2025-09-29 22:55:18] [INFO] Ağ İzleme ve Bağlantı Testleri başlatıldı
[2025-09-29 22:55:21] [INFO] WiFi tarama tamamlandı
[2025-09-29 22:55:44] [INFO] Logger başlatıldı - Dosya: logs/automation.log
[2025-09-29 22:55:44] [INFO] Konfigürasyon yüklendi: 25 girdi
[2025-09-29 22:55:44] [INFO] Sistem Otomasyon Merkezi başlatıldı
[2025-09-29 23:57:59] [INFO] Logger başlatıldı - Dosya: logs/automation.log
[2025-09-29 23:57:59] [INFO] Konfigürasyon yüklendi: 25 girdi
[2025-09-29 23:57:59] [INFO] Sistem Otomasyon Merkezi başlatıldı
[2025-09-30 00:19:29] INFO: Sistem Otomasyon Merkezi başlatıldı
[2025-09-30 00:19:42] INFO: Ağ İzleme ve Bağlantı Testleri başlatıldı
[2025-09-30 00:19:46] INFO: WiFi tarama tamamlandı
[2025-09-30 00:20:11] INFO: Ağ ayarları görüntülendi
[2025-09-30 00:20:41] INFO: Ping testi tamamlandı: youtube.com
[2025-09-30 00:20:57] INFO: Ping testi tamamlandı: google.com
[2025-09-30 00:21:39] INFO: Ağ tanılama tamamlandı
[2025-09-30 00:21:59] INFO: Sistem Otomasyon Merkezi başlatıldı
[2025-09-30 00:22:04] INFO: Güvenlik Tarama ve Kontrol başlatıldı
[2025-09-30 00:22:16] INFO: Sistem güvenlik açığı tarama tamamlandı
[2025-09-30 00:22:48] INFO: Kullanıcı hesapları denetimi gerçek verilerle tamamlandı
[2025-09-30 00:23:36] INFO: Sistem Otomasyon Merkezi başlatıldı
[2025-09-30 00:23:40] INFO: Görev Zamanlayıcı başlatıldı
[2025-09-30 00:23:44] INFO: Zamanlanmış görevler görüntülendi
[2025-09-30 00:24:28] INFO: Yeni görev oluşturuldu: Kutaya hatırlatma
[2025-09-30 00:25:19] INFO: Sistem Otomasyon Merkezi başlatıldı
[2025-09-30 00:25:46] INFO: Sistem Otomasyon Merkezi başlatıldı
[2025-09-30 00:25:51] INFO: Raporlar modülü seçildi
[2025-09-30 00:25:55] INFO: Sistem Ayarları modülü seçildi
[2025-09-30 00:25:58] INFO: Görev Zamanlayıcı başlatıldı
[2025-09-30 00:26:01] INFO: Zamanlanmış görevler görüntülendi
[2025-09-30 00:26:22] INFO: Görev Zamanlayıcı modülü kapatıldı
[2025-09-30 00:26:28] INFO: Ağ İzleme ve Bağlantı Testleri başlatıldı
[2025-09-30 00:26:32] INFO: WiFi tarama tamamlandı
[2025-09-30 00:52:01] INFO: Sistem Otomasyon Merkezi başlatıldı
[2025-09-30 00:52:03] INFO: Ağ İzleme ve Bağlantı Testleri başlatıldı
[2025-09-30 00:52:07] INFO: WiFi tarama tamamlandı
[2025-09-30 00:56:20] INFO: Sistem Otomasyon Merkezi başlatıldı
[2025-09-30 00:56:21] INFO: Ağ İzleme ve Bağlantı Testleri başlatıldı
[2025-09-30 00:56:24] INFO: WiFi tarama tamamlandı
[2025-09-30 00:56:32] INFO: Ağ İzleme modülü kapatıldı
[2025-09-30 00:56:35] INFO: Sistem Otomasyon Merkezi kapatıldı
[2025-09-30 01:07:28] INFO: Sistem Otomasyon Merkezi başlatıldı
[2025-09-30 01:07:36] INFO: Ağ İzleme ve Bağlantı Testleri başlatıldı
[2025-09-30 01:07:39] INFO: WiFi tarama tamamlandı
[2025-09-30 01:10:56] INFO: Sistem Otomasyon Merkezi başlatıldı
[2025-09-30 01:10:57] INFO: Ağ İzleme ve Bağlantı Testleri başlatıldı
[2025-09-30 01:11:00] INFO: WiFi tarama tamamlandı
[2025-09-30 01:17:18] INFO: Sistem Otomasyon Merkezi başlatıldı
[2025-09-30 01:17:25] INFO: Sistem Otomasyon Merkezi başlatıldı
[2025-09-30 01:17:25] INFO: Ağ İzleme ve Bağlantı Testleri başlatıldı
[2025-09-30 01:17:27] INFO: Sistem Otomasyon Merkezi başlatıldı
[2025-09-30 01:17:27] INFO: Sistem Otomasyon Merkezi kapatıldı
[2025-09-30 01:17:36] INFO: Sistem Otomasyon Merkezi başlatıldı
[2025-09-30 01:17:38] INFO: Ağ İzleme ve Bağlantı Testleri başlatıldı
[2025-09-30 01:17:40] INFO: Sistem Otomasyon Merkezi başlatıldı
[2025-09-30 01:17:40] INFO: Sistem Otomasyon Merkezi kapatıldı
[2025-09-30 01:17:45] INFO: Sistem Otomasyon Merkezi başlatıldı
[2025-09-30 01:17:46] INFO: Ağ İzleme ve Bağlantı Testleri başlatıldı
[2025-09-30 01:17:48] INFO: WiFi tarama tamamlandi
[2025-09-30 01:18:05] INFO: Ağ tanılama tamamlandı
[2025-09-30 01:18:05] INFO: Ağ İzleme modülü kapatıldı
[2025-09-30 01:18:07] INFO: Güvenlik Tarama ve Kontrol başlatıldı
[2025-09-30 01:18:16] INFO: Güvenlik politikası incelemesi tamamlandı
[2025-09-30 01:18:33] INFO: Güvenlik Tarama modülü kapatıldı
[2025-09-30 01:18:36] INFO: Ağ İzleme ve Bağlantı Testleri başlatıldı
[2025-09-30 01:18:39] INFO: WiFi tarama tamamlandi
[2025-09-30 01:20:11] INFO: Sistem Otomasyon Merkezi başlatıldı
[2025-09-30 01:20:32] INFO: Sistem Otomasyon Merkezi başlatıldı
[2025-09-30 01:20:50] INFO: Sistem Otomasyon Merkezi başlatıldı
[2025-09-30 01:20:50] INFO: Ağ İzleme ve Bağlantı Testleri başlatıldı
[2025-09-30 01:23:44] INFO: Sistem Otomasyon Merkezi başlatıldı
[2025-09-30 01:27:43] INFO: Sistem Otomasyon Merkezi başlatıldı
[2025-09-30 01:27:55] INFO: Ağ İzleme ve Bağlantı Testleri başlatıldı
[2025-09-30 01:28:14] INFO: Sistem Otomasyon Merkezi başlatıldı
[2025-09-30 01:28:14] INFO: Sistem Otomasyon Merkezi kapatıldı
[2025-09-30 01:28:38] INFO: Sistem Otomasyon Merkezi başlatıldı
[2025-09-30 01:28:38] INFO: Sistem Otomasyon Merkezi kapatıldı
[2025-09-30 01:28:57] INFO: Sistem Otomasyon Merkezi başlatıldı
[2025-09-30 01:29:09] INFO: Ağ İzleme ve Bağlantı Testleri başlatıldı
[2025-09-30 01:29:12] INFO: WiFi tarama tamamlandi
[2025-09-30 01:29:27] INFO: Sistem Otomasyon Merkezi başlatıldı
[2025-09-30 01:29:29] INFO: Ağ İzleme ve Bağlantı Testleri başlatıldı
[2025-09-30 01:29:33] INFO: WiFi tarama tamamlandi
[2025-09-30 01:29:36] INFO: Sistem Otomasyon Merkezi başlatıldı
[2025-09-30 01:30:10] INFO: Ağ İzleme ve Bağlantı Testleri başlatıldı
[2025-09-30 01:30:13] INFO: WiFi tarama tamamlandi
[2025-09-30 01:30:35] INFO: WiFi tarama tamamlandi
[2025-09-30 01:31:41] INFO: Ağ ayarları görüntülendi
[2025-09-30 01:49:52] INFO: Sistem Otomasyon Merkezi başlatıldı
[2025-09-30 01:49:59] INFO: Log dosyası analizi tamamlandı
[2025-09-30 01:50:22] INFO: Hata logları filtreleme işlemi tamamlandı
[2025-09-30 01:50:25] INFO: Log istatistikleri görüntülendi
[2025-09-30 01:50:37] INFO: Zaman bazlı log analizi tamamlandı
[2025-09-30 01:51:00] INFO: Log temizleme işlemi tamamlandı
[2025-09-30 01:51:04] INFO: Sistem Otomasyon Merkezi başlatıldı
[2025-09-30 01:54:37] INFO: Sistem Otomasyon Merkezi başlatıldı
[2025-09-30 01:55:28] INFO: Sistem Otomasyon Merkezi başlatıldı
[2025-09-30 01:55:28] INFO: Otomatik Yedekleme Sistemi başlatıldı
[2025-09-30 01:55:50] INFO: Sistem Otomasyon Merkezi başlatıldı
[2025-09-30 01:56:02] INFO: Sistem Otomasyon Merkezi başlatıldı
[2025-09-30 01:56:02] INFO: Ağ İzleme ve Bağlantı Testleri başlatıldı
[2025-09-30 02:12:59] INFO: Sistem Otomasyon Merkezi başlatıldı
[2025-09-30 02:13:06] INFO: System Settings module started
[2025-09-30 02:13:08] INFO: System information displayed
[2025-09-30 02:14:22] INFO: Sistem Otomasyon Merkezi başlatıldı
[2025-09-30 02:14:24] INFO: System Settings module started
[2025-09-30 02:14:29] INFO: Installed programs list displayed
[2025-09-30 02:15:06] INFO: Windows Update status checked
[2025-09-30 02:15:26] INFO: Performance analysis initiated
[2025-09-30 02:15:46] INFO: Disk check completed for drive: C:\
[2025-09-30 02:15:55] INFO: Sistem Otomasyon Merkezi başlatıldı
[2025-09-30 02:15:57] INFO: Sistem Otomasyon Merkezi başlatıldı
[2025-09-30 02:16:01] INFO: Reports module started
[2025-09-30 02:16:03] INFO: System report generated: reports/system_report_20250930_021603.html
[2025-09-30 02:16:32] INFO: Sistem Otomasyon Merkezi başlatıldı
[2025-09-30 02:16:34] INFO: Reports module started
[2025-09-30 02:16:38] INFO: Security report generated: reports/security_report_20250930_021637.html
[2025-09-30 02:16:46] INFO: Backup report generated: reports/backup_report_20250930_021646.html
[2025-09-30 02:16:52] INFO: Network report generated: reports/network_report_20250930_021652.html
[2025-09-30 02:17:01] INFO: Comprehensive report generated: reports/comprehensive_report_20250930_021701.html
[2025-09-30 02:17:12] INFO: Existing reports viewed, found 5 reports
[2025-09-30 02:17:31] INFO: Sistem Otomasyon Merkezi başlatıldı
[2025-09-30 02:17:33] INFO: Reports module started
[2025-09-30 02:17:42] INFO: Existing reports viewed, found 5 reports
[2025-09-30 02:17:56] WARNING: PDF conversion failed for: reports\backup_report_20250930_021646.html
[2025-09-30 02:23:33] INFO: Sistem Otomasyon Merkezi başlatıldı
[2025-09-30 02:24:24] INFO: System Settings module started
[2025-09-30 02:25:10] INFO: Sistem Otomasyon Merkezi başlatıldı
[2025-09-30 02:25:20] INFO: System Settings module started
[2025-09-30 02:25:22] INFO: System information displayed
[2025-09-30 02:25:42] INFO: Sistem Otomasyon Merkezi başlatıldı
[2025-09-30 02:25:48] INFO: System Settings module started
[2025-09-30 02:25:50] INFO: System information displayed
[2025-09-30 02:26:20] INFO: Disk check completed for drive: C:\
[2025-09-30 02:28:33] INFO: Sistem Otomasyon Merkezi başlatıldı
[2025-09-30 02:28:38] INFO: System Settings module started
[2025-09-30 02:28:39] INFO: System information displayed
[2025-09-30 02:29:06] INFO: Sistem Otomasyon Merkezi başlatıldı
[2025-09-30 02:29:06] INFO: Sistem Otomasyon Merkezi kapatıldı
[2025-09-30 02:29:20] INFO: Sistem Otomasyon Merkezi başlatıldı
[2025-09-30 02:31:20] INFO: Sistem Otomasyon Merkezi başlatıldı
[2025-09-30 02:31:46] INFO: Sistem Otomasyon Merkezi başlatıldı
[2025-09-30 02:32:56] INFO: Sistem Otomasyon Merkezi başlatıldı
[2025-09-30 02:32:56] INFO: Sistem Otomasyon Merkezi kapatıldı
[2025-09-30 02:33:11] INFO: Sistem Otomasyon Merkezi başlatıldı
[2025-09-30 02:33:11] INFO: Sistem Otomasyon Merkezi kapatıldı
[2025-09-30 02:33:34] INFO: Sistem Otomasyon Merkezi başlatıldı
[2025-09-30 02:33:34] INFO: Sistem Otomasyon Merkezi kapatıldı
[2025-09-30 02:35:16] INFO: Sistem Otomasyon Merkezi başlatıldı
[2025-09-30 02:35:16] INFO: Sistem Otomasyon Merkezi kapatıldı
[2025-09-30 02:35:32] INFO: Sistem Otomasyon Merkezi başlatıldı
[2025-09-30 02:35:32] INFO: Sistem Otomasyon Merkezi kapatıldı
[2025-09-30 02:35:44] INFO: Sistem Otomasyon Merkezi başlatıldı
[2025-09-30 02:35:44] INFO: Sistem Otomasyon Merkezi kapatıldı
[2025-09-30 02:37:14] INFO: Sistem Otomasyon Merkezi başlatıldı
[2025-09-30 02:37:14] INFO: Sistem Otomasyon Merkezi kapatıldı
[2025-09-30 02:37:15] INFO: Sistem Otomasyon Merkezi başlatıldı
[2025-09-30 02:37:15] INFO: Sistem Otomasyon Merkezi kapatıldı
[2025-09-30 02:37:16] INFO: Sistem Otomasyon Merkezi başlatıldı
[2025-09-30 02:37:16] INFO: Sistem Otomasyon Merkezi kapatıldı
[2025-09-30 02:37:17] INFO: Sistem Otomasyon Merkezi başlatıldı
[2025-09-30 02:37:17] INFO: Sistem Otomasyon Merkezi kapatıldı
[2025-09-30 02:37:18] INFO: Sistem Otomasyon Merkezi başlatıldı
[2025-09-30 02:37:18] INFO: Sistem Otomasyon Merkezi kapatıldı
[2025-09-30 02:37:19] INFO: Sistem Otomasyon Merkezi başlatıldı
[2025-09-30 02:37:19] INFO: Sistem Otomasyon Merkezi kapatıldı
[2025-09-30 02:37:20] INFO: Sistem Otomasyon Merkezi başlatıldı
[2025-09-30 02:37:20] INFO: Sistem Otomasyon Merkezi kapatıldı
[2025-09-30 02:37:21] INFO: Sistem Otomasyon Merkezi başlatıldı
[2025-09-30 02:37:21] INFO: Sistem Otomasyon Merkezi kapatıldı
[2025-09-30 02:37:23] INFO: Sistem Otomasyon Merkezi başlatıldı
[2025-09-30 02:37:23] INFO: Sistem Otomasyon Merkezi kapatıldı
[2025-09-30 02:37:40] INFO: Sistem Otomasyon Merkezi başlatıldı
[2025-09-30 02:37:40] INFO: Sistem Otomasyon Merkezi kapatıldı
[2025-09-30 02:37:41] INFO: Sistem Otomasyon Merkezi başlatıldı
[2025-09-30 02:37:41] INFO: Sistem Otomasyon Merkezi kapatıldı
[2025-09-30 02:37:42] INFO: Sistem Otomasyon Merkezi başlatıldı
[2025-09-30 02:37:42] INFO: Sistem Otomasyon Merkezi kapatıldı
[2025-09-30 02:37:43] INFO: Sistem Otomasyon Merkezi başlatıldı
[2025-09-30 02:37:43] INFO: Sistem Otomasyon Merkezi kapatıldı
[2025-09-30 02:37:44] INFO: Sistem Otomasyon Merkezi başlatıldı
[2025-09-30 02:37:44] INFO: Sistem Otomasyon Merkezi kapatıldı
[2025-09-30 02:37:45] INFO: Sistem Otomasyon Merkezi başlatıldı
[2025-09-30 02:37:45] INFO: Sistem Otomasyon Merkezi kapatıldı
[2025-09-30 02:37:46] INFO: Sistem Otomasyon Merkezi başlatıldı
[2025-09-30 02:37:46] INFO: Sistem Otomasyon Merkezi kapatıldı
[2025-09-30 02:37:47] INFO: Sistem Otomasyon Merkezi başlatıldı
[2025-09-30 02:37:47] INFO: Sistem Otomasyon Merkezi kapatıldı
[2025-09-30 02:37:48] INFO: Sistem Otomasyon Merkezi başlatıldı
[2025-09-30 02:37:49] INFO: Sistem Otomasyon Merkezi kapatıldı
[2025-09-30 02:39:26] INFO: Sistem Otomasyon Merkezi başlatıldı
[2025-09-30 02:39:26] INFO: Sistem Otomasyon Merkezi kapatıldı
[2025-09-30 02:39:27] INFO: Sistem Otomasyon Merkezi başlatıldı
[2025-09-30 02:39:27] INFO: Sistem Otomasyon Merkezi kapatıldı
[2025-09-30 02:39:27] INFO: Sistem Otomasyon Merkezi başlatıldı
[2025-09-30 02:39:27] INFO: Sistem Otomasyon Merkezi kapatıldı
[2025-09-30 02:39:27] INFO: Sistem Otomasyon Merkezi başlatıldı
[2025-09-30 02:39:27] INFO: Sistem Otomasyon Merkezi kapatıldı
[2025-09-30 02:39:27] INFO: Sistem Otomasyon Merkezi başlatıldı
[2025-09-30 02:39:27] INFO: Sistem Otomasyon Merkezi kapatıldı
[2025-09-30 02:39:55] INFO: Sistem Otomasyon Merkezi başlatıldı
[2025-09-30 02:39:55] INFO: Sistem Otomasyon Merkezi kapatıldı
[2025-09-30 02:40:37] INFO: Sistem Otomasyon Merkezi başlatıldı
[2025-09-30 02:40:37] INFO: Reports module started
[2025-09-30 02:40:37] INFO: Reports module ended
[2025-09-30 02:46:10] INFO: Sistem Otomasyon Merkezi başlatıldı
[2025-09-30 02:46:10] INFO: Sistem Otomasyon Merkezi kapatıldı
[2025-09-30 02:46:10] INFO: Sistem Otomasyon Merkezi başlatıldı
[2025-09-30 02:46:10] INFO: Sistem Otomasyon Merkezi kapatıldı
[2025-09-30 02:46:11] INFO: Sistem Otomasyon Merkezi başlatıldı
[2025-09-30 02:46:11] INFO: Sistem Otomasyon Merkezi kapatıldı
[2025-09-30 02:46:12] INFO: Sistem Otomasyon Merkezi başlatıldı
[2025-09-30 02:46:12] INFO: Sistem Otomasyon Merkezi kapatıldı
[2025-09-30 02:46:13] INFO: Sistem Otomasyon Merkezi başlatıldı
[2025-09-30 02:46:13] INFO: Sistem Otomasyon Merkezi kapatıldı
[2025-09-30 02:46:15] INFO: Sistem Otomasyon Merkezi başlatıldı
[2025-09-30 02:46:15] INFO: Sistem Otomasyon Merkezi kapatıldı
[2025-09-30 02:46:16] INFO: Sistem Otomasyon Merkezi başlatıldı
[2025-09-30 02:46:16] INFO: Sistem Otomasyon Merkezi kapatıldı
[2025-09-30 02:46:17] INFO: Sistem Otomasyon Merkezi başlatıldı
[2025-09-30 02:46:17] INFO: Sistem Otomasyon Merkezi kapatıldı
[2025-09-30 02:46:18] INFO: Sistem Otomasyon Merkezi başlatıldı
[2025-09-30 02:46:18] INFO: Sistem Otomasyon Merkezi kapatıldı
[2025-09-30 02:46:19] INFO: Sistem Otomasyon Merkezi başlatıldı
[2025-09-30 02:46:19] INFO: Sistem Otomasyon Merkezi kapatıldı
[2025-09-30 02:46:33] INFO: Sistem Otomasyon Merkezi başlatıldı
[2025-09-30 02:46:33] INFO: Sistem Otomasyon Merkezi kapatıldı
[2025-09-30 02:46:44] INFO: Sistem Otomasyon Merkezi başlatıldı
[2025-09-30 02:46:44] INFO: Sistem Otomasyon Merkezi kapatıldı
[2025-09-30 02:47:13] INFO: Sistem Otomasyon Merkezi başlatıldı
[2025-09-30 02:47:13] INFO: Sistem Otomasyon Merkezi kapatıldı
[2025-09-30 02:48:24] INFO: Sistem Otomasyon Merkezi başlatıldı
[2025-09-30 02:48:24] INFO: Sistem Otomasyon Merkezi kapatıldı
[2025-09-30 02:48:24] INFO: Sistem Otomasyon Merkezi başlatıldı
[2025-09-30 02:48:24] INFO: Sistem Otomasyon Merkezi kapatıldı
[2025-09-30 02:48:24] INFO: Sistem Otomasyon Merkezi başlatıldı
[2025-09-30 02:48:24] INFO: Sistem Otomasyon Merkezi kapatıldı
[2025-09-30 03:12:16] INFO: Database opened successfully: data/automation.db
[2025-09-30 03:12:16] INFO: Database tables created successfully
[2025-09-30 03:12:16] INFO: Sistem Otomasyon Merkezi başlatıldı
[2025-09-30 03:13:14] INFO: Database opened successfully: data/automation.db
[2025-09-30 03:13:14] INFO: Database tables created successfully
[2025-09-30 03:13:14] INFO: Sistem Otomasyon Merkezi başlatıldı
[2025-09-30 03:13:31] INFO: Disk kullanımı analizi tamamlandı
[2025-09-30 03:14:09] INFO: Database opened successfully: data/automation.db
[2025-09-30 03:14:09] INFO: Database tables created successfully
[2025-09-30 03:14:09] INFO: Sistem Otomasyon Merkezi başlatıldı
[2025-09-30 04:07:09] INFO: Database opened successfully: data/automation.db
[2025-09-30 04:07:09] INFO: Database tables created successfully
[2025-09-30 04:07:09] INFO: Sistem Otomasyon Merkezi başlatıldı
[2025-09-30 04:07:21] INFO: Database opened successfully: data/automation.db
[2025-09-30 04:07:21] INFO: Database tables created successfully
[2025-09-30 04:07:21] INFO: Sistem Otomasyon Merkezi başlatıldı
[2025-09-30 04:07:33] INFO: Database özet raporu oluşturuldu
[2025-09-30 04:07:42] INFO: Database özet raporu oluşturuldu
[2025-09-30 04:07:46] INFO: Veritabanı istatistikleri görüntülendi
[2025-09-30 04:07:50] INFO: Veri dışa aktarma menüsü görüntülendi
[2025-09-30 04:27:22] INFO: Logger initialized successfully
[2025-09-30 04:27:22] INFO: Database opened successfully: data/automation.db
[2025-09-30 04:27:22] INFO: Database tables created successfully
[2025-09-30 04:27:22] INFO: Database initialized successfully
[2025-09-30 04:27:22] INFO: System monitor module initialized
[2025-09-30 04:27:22] INFO: File management module initialized
[2025-09-30 04:27:22] INFO: Network monitor module initialized
[2025-09-30 04:27:22] INFO: Security scanner module initialized
[2025-09-30 04:27:22] INFO: Task scheduler module initialized
[2025-09-30 04:27:22] INFO: Backup system module initialized
[2025-09-30 04:27:22] INFO: System startup completed successfully
[2025-09-30 04:28:48] INFO: Logger initialized successfully
[2025-09-30 04:28:48] INFO: Database opened successfully: data/automation.db
[2025-09-30 04:28:48] INFO: Database tables created successfully
[2025-09-30 04:28:48] INFO: Database initialized successfully
[2025-09-30 04:28:48] INFO: System monitor module initialized
[2025-09-30 04:28:48] INFO: File management module initialized
[2025-09-30 04:28:48] INFO: Network monitor module initialized
[2025-09-30 04:28:48] INFO: Security scanner module initialized
[2025-09-30 04:28:48] INFO: Task scheduler module initialized
[2025-09-30 04:28:48] INFO: Backup system module initialized
[2025-09-30 04:28:48] INFO: System startup completed successfully
[2025-09-30 04:28:55] INFO: Web server initialized on port 8080
[2025-09-30 04:28:55] INFO: Web dashboard started on port 8080
[2025-09-30 04:29:21] INFO: Database özet raporu oluşturuldu
[2025-09-30 04:29:22] INFO: Veritabanı istatistikleri görüntülendi
[2025-09-30 04:29:23] INFO: Veri dışa aktarma menüsü görüntülendi
[2025-09-30 04:29:26] INFO: Eski veri temizleme işlemi: 30 gün
[2025-09-30 04:31:44] INFO: Database Viewer modülü kapatıldı
[2025-09-30 04:31:50] INFO: CPU kullanımı izleme işlemi tamamlandı
[2025-09-30 04:31:58] INFO: Sistem metrikleri görüntülendi: 1 kayıt
[2025-09-30 04:32:25] INFO: Veri dışa aktarma menüsü görüntülendi
[2025-09-30 04:32:35] INFO: Veritabanı istatistikleri görüntülendi
[2025-09-30 04:33:10] INFO: Logger initialized successfully
[2025-09-30 04:33:10] INFO: Database opened successfully: data/automation.db
[2025-09-30 04:33:10] INFO: Database tables created successfully
[2025-09-30 04:33:10] INFO: Database initialized successfully
[2025-09-30 04:33:10] INFO: System monitor module initialized
[2025-09-30 04:33:10] INFO: File management module initialized
[2025-09-30 04:33:10] INFO: Network monitor module initialized
[2025-09-30 04:33:10] INFO: Security scanner module initialized
[2025-09-30 04:33:10] INFO: Task scheduler module initialized
[2025-09-30 04:33:10] INFO: Backup system module initialized
[2025-09-30 04:33:10] INFO: System startup completed successfully
[2025-09-30 04:34:27] INFO: Logger initialized successfully
[2025-09-30 04:34:27] INFO: Database opened successfully: data/automation.db
[2025-09-30 04:34:27] INFO: Database tables created successfully
[2025-09-30 04:34:27] INFO: Database initialized successfully
[2025-09-30 04:34:27] INFO: System monitor module initialized
[2025-09-30 04:34:27] INFO: File management module initialized
[2025-09-30 04:34:27] INFO: Network monitor module initialized
[2025-09-30 04:34:27] INFO: Security scanner module initialized
[2025-09-30 04:34:27] INFO: Task scheduler module initialized
[2025-09-30 04:34:27] INFO: Backup system module initialized
[2025-09-30 04:34:27] INFO: System startup completed successfully
[2025-09-30 04:36:00] INFO: Logger initialized successfully
[2025-09-30 04:36:00] INFO: Database opened successfully: data/automation.db
[2025-09-30 04:36:00] INFO: Database tables created successfully
[2025-09-30 04:36:00] INFO: Database initialized successfully
[2025-09-30 04:36:00] INFO: System monitor module initialized
[2025-09-30 04:36:00] INFO: File management module initialized
[2025-09-30 04:36:00] INFO: Network monitor module initialized
[2025-09-30 04:36:00] INFO: Security scanner module initialized
[2025-09-30 04:36:00] INFO: Task scheduler module initialized
[2025-09-30 04:36:00] INFO: Backup system module initialized
[2025-09-30 04:36:00] INFO: System startup completed successfully
[2025-09-30 04:36:02] INFO: Logger initialized successfully
[2025-09-30 04:36:02] INFO: Database opened successfully: data/automation.db
[2025-09-30 04:36:02] INFO: Database tables created successfully
[2025-09-30 04:36:02] INFO: Database initialized successfully
[2025-09-30 04:36:02] INFO: System monitor module initialized
[2025-09-30 04:36:02] INFO: File management module initialized
[2025-09-30 04:36:02] INFO: Network monitor module initialized
[2025-09-30 04:36:02] INFO: Security scanner module initialized
[2025-09-30 04:36:02] INFO: Task scheduler module initialized
[2025-09-30 04:36:02] INFO: Backup system module initialized
[2025-09-30 04:36:02] INFO: System startup completed successfully
[2025-09-30 04:36:31] INFO: Logger initialized successfully
[2025-09-30 04:36:31] INFO: Database opened successfully: data/automation.db
[2025-09-30 04:36:31] INFO: Database tables created successfully
[2025-09-30 04:36:31] INFO: Database initialized successfully
[2025-09-30 04:36:31] INFO: System monitor module initialized
[2025-09-30 04:36:31] INFO: File management module initialized
[2025-09-30 04:36:31] INFO: Network monitor module initialized
[2025-09-30 04:36:31] INFO: Security scanner module initialized
[2025-09-30 04:36:31] INFO: Task scheduler module initialized
[2025-09-30 04:36:31] INFO: Backup system module initialized
[2025-09-30 04:36:31] INFO: System startup completed successfully
[2025-09-30 04:36:37] INFO: Sistem metrikleri görüntülendi: 1 kayıt
[2025-09-30 04:36:40] INFO: Database Viewer modülü kapatıldı
[2025-09-30 04:36:41] INFO: Web server initialized on port 8080
[2025-09-30 04:36:41] INFO: Web dashboard started on port 8080
[2025-09-30 04:37:00] INFO: Güvenlik Tarama ve Kontrol başlatıldı
[2025-09-30 04:37:04] INFO: Sistem güvenlik açığı tarama tamamlandı
[2025-09-30 04:37:08] INFO: Güvenlik Tarama modülü kapatıldı
[2025-09-30 04:37:13] INFO: Güvenlik taramaları görüntülendi: 1 kayıt
